<?xml version="1.0" encoding="UTF-8"?>
<testsuite xmlns:xsi="http://www.w3.org/2001/XMLSchema-instance" xsi:noNamespaceSchemaLocation="https://maven.apache.org/surefire/maven-surefire-plugin/xsd/surefire-test-report-3.0.xsd" version="3.0" name="com.apilikes.ApiRestLikes.ApiRestLikesApplicationTests" time="3.089" tests="1" errors="0" skipped="0" failures="0">
  <properties>
[...]
</properties>
  <testcase name="contextLoads" classname="com.apilikes.ApiRestLikes.ApiRestLikesApplicationTests" time="0.654">
    <system-out><![CDATA[21:33:11.079 [main] INFO org.springframework.test.context.support.AnnotationConfigContextLoaderUtils -- Could not detect default configuration classes for test class [com.apilikes.ApiRestLikes.ApiRestLikesApplicationTests]: ApiRestLikesApplicationTests does not declare any static, non-private, non-final, nested classes annotated with @Configuration.
21:33:11.161 [main] INFO org.springframework.boot.test.context.SpringBootTestContextBootstrapper -- Found @SpringBootConfiguration com.apilikes.ApiRestLikes.ApiRestLikesApplication for test class com.apilikes.ApiRestLikes.ApiRestLikesApplicationTests
21:33:11.282 [main] INFO org.springframework.boot.devtools.restart.RestartApplicationListener -- Restart disabled due to context in which it is running
  .   ____          _            __ _ _
 /\\ / ___'_ __ _ _(_)_ __  __ _ \ \ \ \
( ( )\___ | '_ | '_| | '_ \/ _` | \ \ \ \
 \\/  ___)| |_)| | | | | || (_| |  ) ) ) )
  '  |____| .__|_| |_|_| |_\__, | / / / /
 =========|_|==============|___/=/_/_/_/

 :: Spring Boot ::                (v3.3.0)

2024-05-31T21:33:11.471-04:00  INFO 5168 --- [ApiRestLikes] [           main] c.a.A.ApiRestLikesApplicationTests       : Starting ApiRestLikesApplicationTests using Java 21.0.3 with PID 5168 (started by draze in E:\Documentos Drazen\7 Semestre\ApiLikes\apiLikesAndino)
2024-05-31T21:33:11.472-04:00  INFO 5168 --- [ApiRestLikes] [           main] c.a.A.ApiRestLikesApplicationTests       : No active profile set, falling back to 1 default profile: "default"
2024-05-31T21:33:13.359-04:00  INFO 5168 --- [ApiRestLikes] [           main] c.a.A.ApiRestLikesApplicationTests       : Started ApiRestLikesApplicationTests in 2.086 seconds (process running for 2.889)
]]></system-out>
    <system-err><![CDATA[WARNING: A Java agent has been loaded dynamically (C:\Users\draze\.m2\repository\net\bytebuddy\byte-buddy-agent\1.14.16\byte-buddy-agent-1.14.16.jar)
WARNING: If a serviceability tool is in use, please run with -XX:+EnableDynamicAgentLoading to hide this warning
WARNING: If a serviceability tool is not in use, please run with -Djdk.instrument.traceUsage for more information
WARNING: Dynamic loading of agents will be disallowed by default in a future release
]]></system-err>
  </testcase>
</testsuite>